<?xml version="1.0" encoding="UTF-8"?>
<testng-results ignored="0" total="1" passed="1" failed="0" skipped="0">
  <reporter-output>
  </reporter-output>
  <suite started-at="2018-12-11T11:27:33Z" name="Smoke Tests" finished-at="2018-12-11T11:27:43Z" duration-ms="9962">
    <groups>
    </groups>
    <test started-at="2018-12-11T11:27:33Z" name="Authentication" finished-at="2018-12-11T11:27:43Z" duration-ms="9962">
      <class name="strategies.smoke.LoginTest">
        <test-method is-config="true" signature="initTest(java.lang.String)[pri:0, instance:strategies.smoke.LoginTest@77847718]" started-at="2018-12-11T11:27:33Z" name="initTest" finished-at="2018-12-11T11:27:41Z" duration-ms="8080" status="PASS">
          <params>
            <param index="0">
              <value>
                <![CDATA[chrome]]>
              </value>
            </param>
          </params>
          <reporter-output>
          </reporter-output>
        </test-method> <!-- initTest -->
        <test-method is-config="true" signature="beforeClass()[pri:0, instance:strategies.smoke.LoginTest@77847718]" started-at="2018-12-11T11:27:41Z" name="beforeClass" finished-at="2018-12-11T11:27:41Z" depends-on-methods="strategies.BaseTest.initTest" duration-ms="2" status="PASS">
          <reporter-output>
          </reporter-output>
        </test-method> <!-- beforeClass -->
        <test-method signature="loginFailed()[pri:0, instance:strategies.smoke.LoginTest@77847718]" started-at="2018-12-11T11:27:41Z" name="loginFailed" description="Login failed with an invalid password" finished-at="2018-12-11T11:27:42Z" duration-ms="985" status="PASS">
          <reporter-output>
          </reporter-output>
        </test-method> <!-- loginFailed -->
        <test-method is-config="true" signature="cleanUpTest()[pri:0, instance:strategies.smoke.LoginTest@77847718]" started-at="2018-12-11T11:27:42Z" name="cleanUpTest" finished-at="2018-12-11T11:27:43Z" duration-ms="884" status="PASS">
          <reporter-output>
          </reporter-output>
        </test-method> <!-- cleanUpTest -->
      </class> <!-- strategies.smoke.LoginTest -->
    </test> <!-- Authentication -->
  </suite> <!-- Smoke Tests -->
</testng-results>
